<?xml version="1.0" encoding="UTF-8"?>
<!-- Generated by org.testng.reporters.JUnitXMLReporter -->
<testsuite ignored="0" hostname="LAPTOP-GD46SI53" failures="0" tests="4" name="Default test" time="44.587" errors="0" timestamp="2024-09-21T13:11:09 IST">
  <testcase classname="com.testcases.RegisterPageTest" name="registerTest" time="5.6"/>
  <testcase classname="com.testcases.RegisterPageTest" name="validateRegisterFieldsTest" time="0.469"/>
  <testcase classname="com.testcases.RegisterPageTest" name="validateRegisterButtonTest" time="0.151"/>
  <testcase classname="com.testcases.RegisterPageTest" name="validateRegisterPageTitleTest" time="0.035"/>
</testsuite> <!-- Default test -->
