<?xml version="1.0" encoding="UTF-8"?>
<testng-results ignored="0" total="4" passed="4" failed="0" skipped="0">
  <reporter-output>
  </reporter-output>
  <suite started-at="2024-09-21T13:10:25 IST" name="Default suite" finished-at="2024-09-21T13:11:09 IST" duration-ms="44587">
    <groups>
    </groups>
    <test started-at="2024-09-21T13:10:25 IST" name="Default test" finished-at="2024-09-21T13:11:09 IST" duration-ms="44587">
      <class name="com.testcases.RegisterPageTest">
        <test-method is-config="true" signature="setup()[pri:0, instance:com.testcases.RegisterPageTest@3700ec9c]" started-at="2024-09-21T13:10:25 IST" name="setup" finished-at="2024-09-21T13:10:44 IST" duration-ms="19243" status="PASS">
          <reporter-output>
          </reporter-output>
        </test-method> <!-- setup -->
        <test-method signature="registerTest()[pri:1, instance:com.testcases.RegisterPageTest@3700ec9c]" started-at="2024-09-21T13:10:44 IST" name="registerTest" finished-at="2024-09-21T13:10:50 IST" duration-ms="5600" status="PASS">
          <reporter-output>
          </reporter-output>
        </test-method> <!-- registerTest -->
        <test-method is-config="true" signature="quit()[pri:0, instance:com.testcases.RegisterPageTest@3700ec9c]" started-at="2024-09-21T13:10:50 IST" name="quit" finished-at="2024-09-21T13:10:50 IST" duration-ms="264" status="PASS">
          <reporter-output>
          </reporter-output>
        </test-method> <!-- quit -->
        <test-method is-config="true" signature="setup()[pri:0, instance:com.testcases.RegisterPageTest@3700ec9c]" started-at="2024-09-21T13:10:50 IST" name="setup" finished-at="2024-09-21T13:10:57 IST" duration-ms="7258" status="PASS">
          <reporter-output>
          </reporter-output>
        </test-method> <!-- setup -->
        <test-method signature="validateRegisterFieldsTest()[pri:2, instance:com.testcases.RegisterPageTest@3700ec9c]" started-at="2024-09-21T13:10:57 IST" name="validateRegisterFieldsTest" finished-at="2024-09-21T13:10:58 IST" duration-ms="469" status="PASS">
          <reporter-output>
          </reporter-output>
        </test-method> <!-- validateRegisterFieldsTest -->
        <test-method is-config="true" signature="quit()[pri:0, instance:com.testcases.RegisterPageTest@3700ec9c]" started-at="2024-09-21T13:10:58 IST" name="quit" finished-at="2024-09-21T13:10:58 IST" duration-ms="209" status="PASS">
          <reporter-output>
          </reporter-output>
        </test-method> <!-- quit -->
        <test-method is-config="true" signature="setup()[pri:0, instance:com.testcases.RegisterPageTest@3700ec9c]" started-at="2024-09-21T13:10:58 IST" name="setup" finished-at="2024-09-21T13:11:03 IST" duration-ms="4786" status="PASS">
          <reporter-output>
          </reporter-output>
        </test-method> <!-- setup -->
        <test-method signature="validateRegisterButtonTest()[pri:3, instance:com.testcases.RegisterPageTest@3700ec9c]" started-at="2024-09-21T13:11:03 IST" name="validateRegisterButtonTest" finished-at="2024-09-21T13:11:03 IST" duration-ms="151" status="PASS">
          <reporter-output>
          </reporter-output>
        </test-method> <!-- validateRegisterButtonTest -->
        <test-method is-config="true" signature="quit()[pri:0, instance:com.testcases.RegisterPageTest@3700ec9c]" started-at="2024-09-21T13:11:03 IST" name="quit" finished-at="2024-09-21T13:11:03 IST" duration-ms="215" status="PASS">
          <reporter-output>
          </reporter-output>
        </test-method> <!-- quit -->
        <test-method is-config="true" signature="setup()[pri:0, instance:com.testcases.RegisterPageTest@3700ec9c]" started-at="2024-09-21T13:11:03 IST" name="setup" finished-at="2024-09-21T13:11:09 IST" duration-ms="5955" status="PASS">
          <reporter-output>
          </reporter-output>
        </test-method> <!-- setup -->
        <test-method signature="validateRegisterPageTitleTest()[pri:4, instance:com.testcases.RegisterPageTest@3700ec9c]" started-at="2024-09-21T13:11:09 IST" name="validateRegisterPageTitleTest" finished-at="2024-09-21T13:11:09 IST" duration-ms="35" status="PASS">
          <reporter-output>
          </reporter-output>
        </test-method> <!-- validateRegisterPageTitleTest -->
        <test-method is-config="true" signature="quit()[pri:0, instance:com.testcases.RegisterPageTest@3700ec9c]" started-at="2024-09-21T13:11:09 IST" name="quit" finished-at="2024-09-21T13:11:09 IST" duration-ms="204" status="PASS">
          <reporter-output>
          </reporter-output>
        </test-method> <!-- quit -->
      </class> <!-- com.testcases.RegisterPageTest -->
    </test> <!-- Default test -->
  </suite> <!-- Default suite -->
</testng-results>
